<?xml version="1.0" encoding="UTF-8"?>
<!-- Generated by org.testng.reporters.JUnitXMLReporter -->
<testsuite ignored="15" hostname="USER-4" failures="0" tests="1" name="Default test" time="4.116" errors="0" timestamp="2024-11-13T16:31:37 IST">
  <testcase classname="testcases.RestAssured_TestCases_PL2" name="EditDepartment" time="4.045"/>
  <testcase classname="testcases.RestAssured_TestCases_PL2" name="searchPatientTest" time="0.0">
    <ignored/>
  </testcase> <!-- searchPatientTest -->
  <testcase classname="testcases.RestAssured_TestCases_PL2" name="AdmittedPatientsData" time="0.0">
    <ignored/>
  </testcase> <!-- AdmittedPatientsData -->
  <testcase classname="testcases.RestAssured_TestCases_PL2" name="addANewDepartment" time="0.0">
    <ignored/>
  </testcase> <!-- addANewDepartment -->
  <testcase classname="testcases.RestAssured_TestCases_PL2" name="GetProfileDataByEmployeeId" time="0.0">
    <ignored/>
  </testcase> <!-- GetProfileDataByEmployeeId -->
  <testcase classname="testcases.RestAssured_TestCases_PL2" name="GetSignatoriesByDepartment" time="0.0">
    <ignored/>
  </testcase> <!-- GetSignatoriesByDepartment -->
  <testcase classname="testcases.RestAssured_TestCases_PL2" name="MainStoreTest" time="0.0">
    <ignored/>
  </testcase> <!-- MainStoreTest -->
  <testcase classname="testcases.RestAssured_TestCases_PL2" name="BookingListTest" time="0.0">
    <ignored/>
  </testcase> <!-- BookingListTest -->
  <testcase classname="testcases.RestAssured_TestCases_PL2" name="ActivatePharmacyCountTest" time="0.0">
    <ignored/>
  </testcase> <!-- ActivatePharmacyCountTest -->
  <testcase classname="testcases.RestAssured_TestCases_PL2" name="DeactivatePharmCountTest" time="0.0">
    <ignored/>
  </testcase> <!-- DeactivatePharmCountTest -->
  <testcase classname="testcases.RestAssured_TestCases_PL2" name="cancelAppointmentTest" time="0.0">
    <ignored/>
  </testcase> <!-- cancelAppointmentTest -->
  <testcase classname="testcases.RestAssured_TestCases_PL2" name="GetImagingTypes" time="0.0">
    <ignored/>
  </testcase> <!-- GetImagingTypes -->
  <testcase classname="testcases.RestAssured_TestCases_PL2" name="AppointApplicDeptTest" time="0.0">
    <ignored/>
  </testcase> <!-- AppointApplicDeptTest -->
  <testcase classname="testcases.RestAssured_TestCases_PL2" name="createAppointmentTest" time="0.0">
    <ignored/>
  </testcase> <!-- createAppointmentTest -->
  <testcase classname="testcases.RestAssured_TestCases_PL2" name="GetDepartments" time="0.0">
    <ignored/>
  </testcase> <!-- GetDepartments -->
  <testcase classname="testcases.RestAssured_TestCases_PL2" name="PharmacyStoreTest" time="0.0">
    <ignored/>
  </testcase> <!-- PharmacyStoreTest -->
</testsuite> <!-- Default test -->
