<?xml version="1.0" encoding="UTF-8"?>
<!-- Generated by org.testng.reporters.JUnitXMLReporter -->
<testsuite ignored="0" hostname="USER-4" failures="1" tests="16" name="Test" time="69.964" errors="0" timestamp="2024-11-13T16:29:09 IST">
  <testcase classname="testcases.RestAssured_TestCases_PL2" name="createAppointmentTest" time="3.803"/>
  <testcase classname="testcases.RestAssured_TestCases_PL2" name="searchPatientTest" time="1.118"/>
  <testcase classname="testcases.RestAssured_TestCases_PL2" name="BookingListTest" time="1.017"/>
  <testcase classname="testcases.RestAssured_TestCases_PL2" name="MainStoreTest" time="1.153"/>
  <testcase classname="testcases.RestAssured_TestCases_PL2" name="PharmacyStoreTest" time="0.671"/>
  <testcase classname="testcases.RestAssured_TestCases_PL2" name="ActivatePharmacyCountTest" time="0.944"/>
  <testcase classname="testcases.RestAssured_TestCases_PL2" name="DeactivatePharmCountTest" time="0.542"/>
  <testcase classname="testcases.RestAssured_TestCases_PL2" name="AppointApplicDeptTest" time="1.209"/>
  <testcase classname="testcases.RestAssured_TestCases_PL2" name="AdmittedPatientsData" time="1.508"/>
  <testcase classname="testcases.RestAssured_TestCases_PL2" name="GetProfileDataByEmployeeId" time="1.326"/>
  <testcase classname="testcases.RestAssured_TestCases_PL2" name="addANewDepartment" time="0.921"/>
  <testcase classname="testcases.RestAssured_TestCases_PL2" name="GetDepartments" time="0.939"/>
  <testcase classname="testcases.RestAssured_TestCases_PL2" name="EditDepartment" time="0.07">
    <failure type="java.lang.NullPointerException" message="Cannot invoke &amp;quot;org.apache.poi.ss.usermodel.Sheet.iterator()&amp;quot; because &amp;quot;sheet&amp;quot; is null">
      <![CDATA[java.lang.NullPointerException: Cannot invoke "org.apache.poi.ss.usermodel.Sheet.iterator()" because "sheet" is null
at coreUtilities.utils.FileOperations.readExcelPOI(FileOperations.java:76)
at testcases.RestAssured_TestCases_PL2.EditDepartment(RestAssured_TestCases_PL2.java:540)
at java.base/java.util.concurrent.ThreadPoolExecutor.runWorker(ThreadPoolExecutor.java:1136)
at java.base/java.util.concurrent.ThreadPoolExecutor$Worker.run(ThreadPoolExecutor.java:635)
at java.base/java.lang.Thread.run(Thread.java:840)
... Removed 12 stack frames]]>
    </failure>
  </testcase> <!-- EditDepartment -->
  <testcase classname="testcases.RestAssured_TestCases_PL2" name="GetImagingTypes" time="0.897"/>
  <testcase classname="testcases.RestAssured_TestCases_PL2" name="GetSignatoriesByDepartment" time="2.41"/>
  <testcase classname="testcases.RestAssured_TestCases_PL2" name="cancelAppointmentTest" time="0.776"/>
</testsuite> <!-- Test -->
