<?xml version="1.0" encoding="UTF-8"?>
<!-- Generated by org.testng.reporters.JUnitXMLReporter -->
<testsuite ignored="0" hostname="Ameet" failures="0" tests="16" name="Test" time="103.97" errors="0" timestamp="2024-11-27T13:44:47 IST">
  <testcase classname="testcases.RestAssured_TestCases_PL2" name="createAppointmentTest" time="23.704"/>
  <testcase classname="testcases.RestAssured_TestCases_PL2" name="searchPatientTest" time="1.895"/>
  <testcase classname="testcases.RestAssured_TestCases_PL2" name="BookingListTest" time="1.366"/>
  <testcase classname="testcases.RestAssured_TestCases_PL2" name="MainStoreTest" time="1.441"/>
  <testcase classname="testcases.RestAssured_TestCases_PL2" name="PharmacyStoreTest" time="0.783"/>
  <testcase classname="testcases.RestAssured_TestCases_PL2" name="ActivatePharmacyCountTest" time="1.741"/>
  <testcase classname="testcases.RestAssured_TestCases_PL2" name="DeactivatePharmCountTest" time="2.32"/>
  <testcase classname="testcases.RestAssured_TestCases_PL2" name="AppointApplicDeptTest" time="3.358"/>
  <testcase classname="testcases.RestAssured_TestCases_PL2" name="AdmittedPatientsData" time="2.481"/>
  <testcase classname="testcases.RestAssured_TestCases_PL2" name="GetProfileDataByEmployeeId" time="1.589"/>
  <testcase classname="testcases.RestAssured_TestCases_PL2" name="addANewDepartment" time="1.575"/>
  <testcase classname="testcases.RestAssured_TestCases_PL2" name="GetDepartments" time="1.816"/>
  <testcase classname="testcases.RestAssured_TestCases_PL2" name="EditDepartment" time="1.827"/>
  <testcase classname="testcases.RestAssured_TestCases_PL2" name="GetImagingTypes" time="0.983"/>
  <testcase classname="testcases.RestAssured_TestCases_PL2" name="GetSignatoriesByDepartment" time="0.91"/>
  <testcase classname="testcases.RestAssured_TestCases_PL2" name="cancelAppointmentTest" time="0.767"/>
</testsuite> <!-- Test -->
