<?xml version="1.0" encoding="UTF-8"?>
<testng-results ignored="0" total="1" passed="1" failed="0" skipped="0">
  <reporter-output>
  </reporter-output>
  <suite started-at="2024-11-13T16:31:33 IST" name="Default suite" finished-at="2024-11-13T16:31:37 IST" duration-ms="4116">
    <groups>
      <group name="PL2">
        <method signature="RestAssured_TestCases_PL2.EditDepartment()[pri:14, instance:testcases.RestAssured_TestCases_PL2@50378a4]" name="EditDepartment" class="testcases.RestAssured_TestCases_PL2"/>
      </group> <!-- PL2 -->
    </groups>
    <test started-at="2024-11-13T16:31:33 IST" name="Default test" finished-at="2024-11-13T16:31:37 IST" duration-ms="4116">
      <class name="testcases.RestAssured_TestCases_PL2">
        <test-method signature="EditDepartment()[pri:14, instance:testcases.RestAssured_TestCases_PL2@50378a4]" started-at="2024-11-13T16:31:33 IST" name="EditDepartment" description="1. Send a PUT request to edit the department details.
2. Verify the response status code is 200.
3. Validate the response indicates successful display of department details with changes being present in the response." finished-at="2024-11-13T16:31:37 IST" duration-ms="4045" status="PASS">
          <reporter-output>
          </reporter-output>
        </test-method> <!-- EditDepartment -->
      </class> <!-- testcases.RestAssured_TestCases_PL2 -->
    </test> <!-- Default test -->
  </suite> <!-- Default suite -->
</testng-results>
